{"C:\\Users\\Ricar\\Documents\\cursojs\\gostack-13\\modulo-03\\appgobarber\\src\\assets\\logo.png": {"path":"C:\\Users\\Ricar\\Documents\\cursojs\\gostack-13\\modulo-03\\appgobarber\\src\\assets\\logo.png","statementMap":{"0":{"start":{"line":1,"column":0},"end":{"line":4,"column":6}}},"fnMap":{},"branchMap":{},"s":{"0":1},"f":{},"b":{},"inputSourceMap":null,"_coverageSchema":"1a1c01bbd47fc00a2c39e90264f33305004495a9","hash":"70bd0984ecd8fd71debef4b7bde380d192ea346b"}
,"C:\\Users\\Ricar\\Documents\\cursojs\\gostack-13\\modulo-03\\appgobarber\\src\\components\\Button\\index.tsx": {"path":"C:\\Users\\Ricar\\Documents\\cursojs\\gostack-13\\modulo-03\\appgobarber\\src\\components\\Button\\index.tsx","statementMap":{"0":{"start":{"line":10,"column":38},"end":{"line":16,"column":1}},"1":{"start":{"line":11,"column":2},"end":{"line":15,"column":4}}},"fnMap":{"0":{"name":"(anonymous_0)","decl":{"start":{"line":10,"column":38},"end":{"line":10,"column":39}},"loc":{"start":{"line":10,"column":65},"end":{"line":16,"column":1}},"line":10}},"branchMap":{},"s":{"0":1,"1":1},"f":{"0":1},"b":{},"_coverageSchema":"1a1c01bbd47fc00a2c39e90264f33305004495a9","hash":"440250a8458de900aaf1edce7c4af58a91347a27"}
,"C:\\Users\\Ricar\\Documents\\cursojs\\gostack-13\\modulo-03\\appgobarber\\src\\components\\Button\\styles.ts": {"path":"C:\\Users\\Ricar\\Documents\\cursojs\\gostack-13\\modulo-03\\appgobarber\\src\\components\\Button\\styles.ts","statementMap":{"0":{"start":{"line":4,"column":25},"end":{"line":11,"column":1}},"1":{"start":{"line":13,"column":26},"end":{"line":17,"column":1}}},"fnMap":{},"branchMap":{},"s":{"0":1,"1":1},"f":{},"b":{},"_coverageSchema":"1a1c01bbd47fc00a2c39e90264f33305004495a9","hash":"771974d49e4f81383fc80f7bba0d66ac890f0cf1"}
,"C:\\Users\\Ricar\\Documents\\cursojs\\gostack-13\\modulo-03\\appgobarber\\src\\components\\Input\\index.tsx": {"path":"C:\\Users\\Ricar\\Documents\\cursojs\\gostack-13\\modulo-03\\appgobarber\\src\\components\\Input\\index.tsx","statementMap":{"0":{"start":{"line":28,"column":66},"end":{"line":92,"column":1}},"1":{"start":{"line":32,"column":65},"end":{"line":32,"column":79}},"2":{"start":{"line":33,"column":26},"end":{"line":33,"column":43}},"3":{"start":{"line":34,"column":24},"end":{"line":34,"column":76}},"4":{"start":{"line":36,"column":36},"end":{"line":36,"column":51}},"5":{"start":{"line":37,"column":34},"end":{"line":37,"column":49}},"6":{"start":{"line":39,"column":27},"end":{"line":41,"column":8}},"7":{"start":{"line":40,"column":4},"end":{"line":40,"column":23}},"8":{"start":{"line":43,"column":26},"end":{"line":47,"column":8}},"9":{"start":{"line":44,"column":4},"end":{"line":44,"column":24}},"10":{"start":{"line":46,"column":4},"end":{"line":46,"column":47}},"11":{"start":{"line":49,"column":2},"end":{"line":63,"column":33}},"12":{"start":{"line":50,"column":4},"end":{"line":62,"column":7}},"13":{"start":{"line":55,"column":8},"end":{"line":55,"column":44}},"14":{"start":{"line":56,"column":8},"end":{"line":56,"column":64}},"15":{"start":{"line":59,"column":8},"end":{"line":59,"column":41}},"16":{"start":{"line":60,"column":8},"end":{"line":60,"column":40}},"17":{"start":{"line":65,"column":2},"end":{"line":69,"column":6}},"18":{"start":{"line":65,"column":34},"end":{"line":69,"column":3}},"19":{"start":{"line":67,"column":6},"end":{"line":67,"column":38}},"20":{"start":{"line":71,"column":2},"end":{"line":91,"column":4}},"21":{"start":{"line":86,"column":10},"end":{"line":86,"column":46}}},"fnMap":{"0":{"name":"(anonymous_0)","decl":{"start":{"line":28,"column":66},"end":{"line":28,"column":67}},"loc":{"start":{"line":31,"column":5},"end":{"line":92,"column":1}},"line":31},"1":{"name":"(anonymous_1)","decl":{"start":{"line":39,"column":39},"end":{"line":39,"column":40}},"loc":{"start":{"line":39,"column":45},"end":{"line":41,"column":3}},"line":39},"2":{"name":"(anonymous_2)","decl":{"start":{"line":43,"column":38},"end":{"line":43,"column":39}},"loc":{"start":{"line":43,"column":44},"end":{"line":47,"column":3}},"line":43},"3":{"name":"(anonymous_3)","decl":{"start":{"line":49,"column":12},"end":{"line":49,"column":13}},"loc":{"start":{"line":49,"column":18},"end":{"line":63,"column":3}},"line":49},"4":{"name":"(anonymous_4)","decl":{"start":{"line":54,"column":6},"end":{"line":54,"column":7}},"loc":{"start":{"line":54,"column":32},"end":{"line":57,"column":7}},"line":54},"5":{"name":"(anonymous_5)","decl":{"start":{"line":58,"column":6},"end":{"line":58,"column":7}},"loc":{"start":{"line":58,"column":19},"end":{"line":61,"column":7}},"line":58},"6":{"name":"(anonymous_6)","decl":{"start":{"line":65,"column":27},"end":{"line":65,"column":28}},"loc":{"start":{"line":65,"column":34},"end":{"line":69,"column":3}},"line":65},"7":{"name":"(anonymous_7)","decl":{"start":{"line":66,"column":4},"end":{"line":66,"column":5}},"loc":{"start":{"line":66,"column":12},"end":{"line":68,"column":5}},"line":66},"8":{"name":"(anonymous_8)","decl":{"start":{"line":85,"column":22},"end":{"line":85,"column":23}},"loc":{"start":{"line":85,"column":31},"end":{"line":87,"column":9}},"line":85}},"branchMap":{"0":{"loc":{"start":{"line":29,"column":16},"end":{"line":29,"column":35}},"type":"default-arg","locations":[{"start":{"line":29,"column":33},"end":{"line":29,"column":35}}],"line":29},"1":{"loc":{"start":{"line":32,"column":25},"end":{"line":32,"column":42}},"type":"default-arg","locations":[{"start":{"line":32,"column":40},"end":{"line":32,"column":42}}],"line":32},"2":{"loc":{"start":{"line":76,"column":15},"end":{"line":76,"column":60}},"type":"cond-expr","locations":[{"start":{"line":76,"column":39},"end":{"line":76,"column":48}},{"start":{"line":76,"column":51},"end":{"line":76,"column":60}}],"line":76},"3":{"loc":{"start":{"line":76,"column":15},"end":{"line":76,"column":36}},"type":"binary-expr","locations":[{"start":{"line":76,"column":15},"end":{"line":76,"column":24}},{"start":{"line":76,"column":28},"end":{"line":76,"column":36}}],"line":76}},"s":{"0":1,"1":2,"2":2,"3":2,"4":2,"5":2,"6":2,"7":0,"8":2,"9":0,"10":0,"11":2,"12":2,"13":0,"14":0,"15":0,"16":0,"17":2,"18":1,"19":0,"20":2,"21":0},"f":{"0":2,"1":0,"2":0,"3":2,"4":0,"5":0,"6":1,"7":0,"8":0},"b":{"0":[2],"1":[2],"2":[0,2],"3":[2,2]},"_coverageSchema":"1a1c01bbd47fc00a2c39e90264f33305004495a9","hash":"34816aa5da5f2a64d567765c1067fdfcc75be369"}
,"C:\\Users\\Ricar\\Documents\\cursojs\\gostack-13\\modulo-03\\appgobarber\\src\\components\\Input\\styles.ts": {"path":"C:\\Users\\Ricar\\Documents\\cursojs\\gostack-13\\modulo-03\\appgobarber\\src\\components\\Input\\styles.ts","statementMap":{"0":{"start":{"line":9,"column":25},"end":{"line":33,"column":1}},"1":{"start":{"line":23,"column":4},"end":{"line":26,"column":5}},"2":{"start":{"line":29,"column":4},"end":{"line":32,"column":5}},"3":{"start":{"line":35,"column":25},"end":{"line":40,"column":1}},"4":{"start":{"line":42,"column":20},"end":{"line":44,"column":1}}},"fnMap":{"0":{"name":"(anonymous_0)","decl":{"start":{"line":22,"column":4},"end":{"line":22,"column":5}},"loc":{"start":{"line":23,"column":4},"end":{"line":26,"column":5}},"line":23},"1":{"name":"(anonymous_1)","decl":{"start":{"line":28,"column":4},"end":{"line":28,"column":5}},"loc":{"start":{"line":29,"column":4},"end":{"line":32,"column":5}},"line":29}},"branchMap":{"0":{"loc":{"start":{"line":23,"column":4},"end":{"line":26,"column":5}},"type":"binary-expr","locations":[{"start":{"line":23,"column":4},"end":{"line":23,"column":19}},{"start":{"line":24,"column":4},"end":{"line":26,"column":5}}],"line":23},"1":{"loc":{"start":{"line":29,"column":4},"end":{"line":32,"column":5}},"type":"binary-expr","locations":[{"start":{"line":29,"column":4},"end":{"line":29,"column":19}},{"start":{"line":30,"column":4},"end":{"line":32,"column":5}}],"line":29}},"s":{"0":1,"1":2,"2":2,"3":1,"4":1},"f":{"0":2,"1":2},"b":{"0":[2,0],"1":[2,0]},"_coverageSchema":"1a1c01bbd47fc00a2c39e90264f33305004495a9","hash":"551f3eeb5191101cedd5ca90b53cc0cb6273843b"}
,"C:\\Users\\Ricar\\Documents\\cursojs\\gostack-13\\modulo-03\\appgobarber\\src\\hooks\\auth.tsx": {"path":"C:\\Users\\Ricar\\Documents\\cursojs\\gostack-13\\modulo-03\\appgobarber\\src\\hooks\\auth.tsx","statementMap":{"0":{"start":{"line":36,"column":20},"end":{"line":36,"column":73}},"1":{"start":{"line":38,"column":38},"end":{"line":104,"column":1}},"2":{"start":{"line":39,"column":26},"end":{"line":39,"column":62}},"3":{"start":{"line":40,"column":32},"end":{"line":40,"column":46}},"4":{"start":{"line":42,"column":2},"end":{"line":59,"column":9}},"5":{"start":{"line":43,"column":29},"end":{"line":56,"column":5}},"6":{"start":{"line":44,"column":28},"end":{"line":47,"column":8}},"7":{"start":{"line":49,"column":6},"end":{"line":53,"column":7}},"8":{"start":{"line":50,"column":8},"end":{"line":50,"column":66}},"9":{"start":{"line":52,"column":8},"end":{"line":52,"column":64}},"10":{"start":{"line":55,"column":6},"end":{"line":55,"column":24}},"11":{"start":{"line":58,"column":4},"end":{"line":58,"column":23}},"12":{"start":{"line":61,"column":17},"end":{"line":77,"column":8}},"13":{"start":{"line":62,"column":21},"end":{"line":65,"column":6}},"14":{"start":{"line":67,"column":28},"end":{"line":67,"column":32}},"15":{"start":{"line":69,"column":4},"end":{"line":72,"column":7}},"16":{"start":{"line":74,"column":4},"end":{"line":74,"column":59}},"17":{"start":{"line":76,"column":4},"end":{"line":76,"column":29}},"18":{"start":{"line":79,"column":18},"end":{"line":83,"column":8}},"19":{"start":{"line":80,"column":4},"end":{"line":80,"column":76}},"20":{"start":{"line":82,"column":4},"end":{"line":82,"column":29}},"21":{"start":{"line":85,"column":21},"end":{"line":95,"column":3}},"22":{"start":{"line":87,"column":6},"end":{"line":87,"column":73}},"23":{"start":{"line":89,"column":6},"end":{"line":92,"column":9}},"24":{"start":{"line":97,"column":2},"end":{"line":103,"column":4}},"25":{"start":{"line":106,"column":23},"end":{"line":114,"column":1}},"26":{"start":{"line":107,"column":18},"end":{"line":107,"column":41}},"27":{"start":{"line":109,"column":2},"end":{"line":111,"column":3}},"28":{"start":{"line":110,"column":4},"end":{"line":110,"column":67}},"29":{"start":{"line":113,"column":2},"end":{"line":113,"column":17}}},"fnMap":{"0":{"name":"(anonymous_0)","decl":{"start":{"line":38,"column":38},"end":{"line":38,"column":39}},"loc":{"start":{"line":38,"column":56},"end":{"line":104,"column":1}},"line":38},"1":{"name":"(anonymous_1)","decl":{"start":{"line":42,"column":12},"end":{"line":42,"column":13}},"loc":{"start":{"line":42,"column":18},"end":{"line":59,"column":3}},"line":42},"2":{"name":"(anonymous_2)","decl":{"start":{"line":43,"column":29},"end":{"line":43,"column":30}},"loc":{"start":{"line":43,"column":56},"end":{"line":56,"column":5}},"line":43},"3":{"name":"(anonymous_3)","decl":{"start":{"line":61,"column":29},"end":{"line":61,"column":30}},"loc":{"start":{"line":61,"column":60},"end":{"line":77,"column":3}},"line":61},"4":{"name":"(anonymous_4)","decl":{"start":{"line":79,"column":30},"end":{"line":79,"column":31}},"loc":{"start":{"line":79,"column":42},"end":{"line":83,"column":3}},"line":79},"5":{"name":"(anonymous_5)","decl":{"start":{"line":86,"column":4},"end":{"line":86,"column":5}},"loc":{"start":{"line":86,"column":26},"end":{"line":93,"column":5}},"line":86},"6":{"name":"(anonymous_6)","decl":{"start":{"line":106,"column":23},"end":{"line":106,"column":24}},"loc":{"start":{"line":106,"column":46},"end":{"line":114,"column":1}},"line":106}},"branchMap":{"0":{"loc":{"start":{"line":49,"column":6},"end":{"line":53,"column":7}},"type":"if","locations":[{"start":{"line":49,"column":6},"end":{"line":53,"column":7}},{"start":{"line":49,"column":6},"end":{"line":53,"column":7}}],"line":49},"1":{"loc":{"start":{"line":49,"column":10},"end":{"line":49,"column":29}},"type":"binary-expr","locations":[{"start":{"line":49,"column":10},"end":{"line":49,"column":18}},{"start":{"line":49,"column":22},"end":{"line":49,"column":29}}],"line":49},"2":{"loc":{"start":{"line":109,"column":2},"end":{"line":111,"column":3}},"type":"if","locations":[{"start":{"line":109,"column":2},"end":{"line":111,"column":3}},{"start":{"line":109,"column":2},"end":{"line":111,"column":3}}],"line":109}},"s":{"0":1,"1":1,"2":0,"3":0,"4":0,"5":0,"6":0,"7":0,"8":0,"9":0,"10":0,"11":0,"12":0,"13":0,"14":0,"15":0,"16":0,"17":0,"18":0,"19":0,"20":0,"21":0,"22":0,"23":0,"24":0,"25":1,"26":1,"27":1,"28":0,"29":1},"f":{"0":0,"1":0,"2":0,"3":0,"4":0,"5":0,"6":1},"b":{"0":[0,0],"1":[0,0],"2":[0,1]},"_coverageSchema":"1a1c01bbd47fc00a2c39e90264f33305004495a9","hash":"ff9cd2b5316d0c5eeeadd8a49bcb39ffb800df72"}
,"C:\\Users\\Ricar\\Documents\\cursojs\\gostack-13\\modulo-03\\appgobarber\\src\\pages\\SignIn\\index.tsx": {"path":"C:\\Users\\Ricar\\Documents\\cursojs\\gostack-13\\modulo-03\\appgobarber\\src\\pages\\SignIn\\index.tsx","statementMap":{"0":{"start":{"line":38,"column":25},"end":{"line":153,"column":1}},"1":{"start":{"line":39,"column":21},"end":{"line":39,"column":36}},"2":{"start":{"line":40,"column":18},"end":{"line":40,"column":43}},"3":{"start":{"line":41,"column":22},"end":{"line":41,"column":45}},"4":{"start":{"line":43,"column":27},"end":{"line":43,"column":36}},"5":{"start":{"line":45,"column":23},"end":{"line":84,"column":3}},"6":{"start":{"line":48,"column":6},"end":{"line":81,"column":7}},"7":{"start":{"line":49,"column":8},"end":{"line":49,"column":39}},"8":{"start":{"line":51,"column":23},"end":{"line":56,"column":10}},"9":{"start":{"line":58,"column":8},"end":{"line":60,"column":11}},"10":{"start":{"line":62,"column":7},"end":{"line":65,"column":11}},"11":{"start":{"line":68,"column":8},"end":{"line":68,"column":41}},"12":{"start":{"line":70,"column":8},"end":{"line":75,"column":9}},"13":{"start":{"line":71,"column":25},"end":{"line":71,"column":49}},"14":{"start":{"line":72,"column":10},"end":{"line":72,"column":45}},"15":{"start":{"line":74,"column":10},"end":{"line":74,"column":17}},"16":{"start":{"line":77,"column":8},"end":{"line":80,"column":10}},"17":{"start":{"line":86,"column":2},"end":{"line":152,"column":4}},"18":{"start":{"line":120,"column":18},"end":{"line":120,"column":48}},"19":{"start":{"line":129,"column":18},"end":{"line":129,"column":48}},"20":{"start":{"line":145,"column":10},"end":{"line":145,"column":40}}},"fnMap":{"0":{"name":"(anonymous_0)","decl":{"start":{"line":38,"column":25},"end":{"line":38,"column":26}},"loc":{"start":{"line":38,"column":31},"end":{"line":153,"column":1}},"line":38},"1":{"name":"(anonymous_1)","decl":{"start":{"line":46,"column":4},"end":{"line":46,"column":5}},"loc":{"start":{"line":46,"column":36},"end":{"line":82,"column":5}},"line":46},"2":{"name":"(anonymous_2)","decl":{"start":{"line":113,"column":33},"end":{"line":113,"column":34}},"loc":{"start":{"line":113,"column":39},"end":{"line":113,"column":41}},"line":113},"3":{"name":"(anonymous_3)","decl":{"start":{"line":119,"column":33},"end":{"line":119,"column":34}},"loc":{"start":{"line":119,"column":39},"end":{"line":121,"column":17}},"line":119},"4":{"name":"(anonymous_4)","decl":{"start":{"line":128,"column":25},"end":{"line":128,"column":26}},"loc":{"start":{"line":128,"column":31},"end":{"line":130,"column":17}},"line":128},"5":{"name":"(anonymous_5)","decl":{"start":{"line":136,"column":37},"end":{"line":136,"column":38}},"loc":{"start":{"line":136,"column":43},"end":{"line":136,"column":45}},"line":136},"6":{"name":"(anonymous_6)","decl":{"start":{"line":144,"column":17},"end":{"line":144,"column":18}},"loc":{"start":{"line":144,"column":23},"end":{"line":146,"column":9}},"line":144}},"branchMap":{"0":{"loc":{"start":{"line":70,"column":8},"end":{"line":75,"column":9}},"type":"if","locations":[{"start":{"line":70,"column":8},"end":{"line":75,"column":9}},{"start":{"line":70,"column":8},"end":{"line":75,"column":9}}],"line":70},"1":{"loc":{"start":{"line":90,"column":18},"end":{"line":90,"column":63}},"type":"cond-expr","locations":[{"start":{"line":90,"column":42},"end":{"line":90,"column":51}},{"start":{"line":90,"column":54},"end":{"line":90,"column":63}}],"line":90}},"s":{"0":1,"1":1,"2":1,"3":1,"4":1,"5":1,"6":0,"7":0,"8":0,"9":0,"10":0,"11":0,"12":0,"13":0,"14":0,"15":0,"16":0,"17":1,"18":0,"19":0,"20":0},"f":{"0":1,"1":0,"2":0,"3":0,"4":0,"5":0,"6":0},"b":{"0":[0,0],"1":[1,0]},"_coverageSchema":"1a1c01bbd47fc00a2c39e90264f33305004495a9","hash":"195fe68f2d7860e13c85bbb8683ebfc1d36fdf34"}
,"C:\\Users\\Ricar\\Documents\\cursojs\\gostack-13\\modulo-03\\appgobarber\\src\\pages\\SignIn\\styles.ts": {"path":"C:\\Users\\Ricar\\Documents\\cursojs\\gostack-13\\modulo-03\\appgobarber\\src\\pages\\SignIn\\styles.ts","statementMap":{"0":{"start":{"line":4,"column":25},"end":{"line":9,"column":1}},"1":{"start":{"line":11,"column":21},"end":{"line":16,"column":1}},"2":{"start":{"line":18,"column":30},"end":{"line":20,"column":1}},"3":{"start":{"line":22,"column":34},"end":{"line":26,"column":1}},"4":{"start":{"line":28,"column":35},"end":{"line":41,"column":1}},"5":{"start":{"line":43,"column":39},"end":{"line":48,"column":1}}},"fnMap":{},"branchMap":{"0":{"loc":{"start":{"line":8,"column":20},"end":{"line":8,"column":56}},"type":"cond-expr","locations":[{"start":{"line":8,"column":48},"end":{"line":8,"column":51}},{"start":{"line":8,"column":54},"end":{"line":8,"column":56}}],"line":8}},"s":{"0":1,"1":1,"2":1,"3":1,"4":1,"5":1},"f":{},"b":{"0":[0,1]},"_coverageSchema":"1a1c01bbd47fc00a2c39e90264f33305004495a9","hash":"0697c1b2d53b7733742a2384450225a511f98b70"}
,"C:\\Users\\Ricar\\Documents\\cursojs\\gostack-13\\modulo-03\\appgobarber\\src\\services\\api.ts": {"path":"C:\\Users\\Ricar\\Documents\\cursojs\\gostack-13\\modulo-03\\appgobarber\\src\\services\\api.ts","statementMap":{"0":{"start":{"line":3,"column":12},"end":{"line":5,"column":2}}},"fnMap":{},"branchMap":{},"s":{"0":1},"f":{},"b":{},"_coverageSchema":"1a1c01bbd47fc00a2c39e90264f33305004495a9","hash":"91511a7848661eae8b893c73e9ce42b60e0b57b2"}
,"C:\\Users\\Ricar\\Documents\\cursojs\\gostack-13\\modulo-03\\appgobarber\\src\\utils\\getValidationErrors.ts": {"path":"C:\\Users\\Ricar\\Documents\\cursojs\\gostack-13\\modulo-03\\appgobarber\\src\\utils\\getValidationErrors.ts","statementMap":{"0":{"start":{"line":8,"column":35},"end":{"line":8,"column":37}},"1":{"start":{"line":10,"column":2},"end":{"line":12,"column":5}},"2":{"start":{"line":11,"column":4},"end":{"line":11,"column":49}},"3":{"start":{"line":14,"column":2},"end":{"line":14,"column":26}}},"fnMap":{"0":{"name":"getValidationErrors","decl":{"start":{"line":7,"column":24},"end":{"line":7,"column":43}},"loc":{"start":{"line":7,"column":74},"end":{"line":15,"column":1}},"line":7},"1":{"name":"(anonymous_1)","decl":{"start":{"line":10,"column":20},"end":{"line":10,"column":21}},"loc":{"start":{"line":10,"column":29},"end":{"line":12,"column":3}},"line":10}},"branchMap":{},"s":{"0":0,"1":0,"2":0,"3":0},"f":{"0":0,"1":0},"b":{},"_coverageSchema":"1a1c01bbd47fc00a2c39e90264f33305004495a9","hash":"223559fa130500e9f0cd63896fabe374f3b9ebff"}
}
